<?xml version="1.0" encoding="UTF-8"?>
<testsuite name="CalculatorTest" tests="4" skipped="0" failures="0" errors="0" timestamp="2022-08-13T12:26:07" hostname="DESKTOP-G1AHB4E" time="0.587">
  <properties/>
  <testcase name="add(int, int)[1]" classname="CalculatorTest" time="0.45"/>
  <testcase name="add(int, int)[2]" classname="CalculatorTest" time="0.028"/>
  <testcase name="sub(int, int)[1]" classname="CalculatorTest" time="0.013"/>
  <testcase name="sub(int, int)[2]" classname="CalculatorTest" time="0.01"/>
  <system-out><![CDATA[3.0
11.0
-1.0
-1.0
]]></system-out>
  <system-err><![CDATA[]]></system-err>
</testsuite>
