<?xml version="1.0" encoding="UTF-8"?>
<testsuite name="com.yl.junit5.testdemo.subtraction.subtractionTest" tests="4" skipped="0" failures="0" errors="0" timestamp="2022-08-14T08:49:52" hostname="DESKTOP-G1AHB4E" time="0.188">
  <properties/>
  <testcase name="decimalsNumber(float, float)[1]" classname="com.yl.junit5.testdemo.subtraction.subtractionTest" time="0.051"/>
  <testcase name="decimalsNumber(float, float)[2]" classname="com.yl.junit5.testdemo.subtraction.subtractionTest" time="0.032"/>
  <testcase name="nagetiveNumber(float, float)[1]" classname="com.yl.junit5.testdemo.subtraction.subtractionTest" time="0.016"/>
  <testcase name="nagetiveNumber(float, float)[2]" classname="com.yl.junit5.testdemo.subtraction.subtractionTest" time="0.011"/>
  <system-out><![CDATA[123123
assert decimals result: 0.19
assert decimals result: 4.5
assert nagetive result: -1.0
assert nagetive result: -1.0
]]></system-out>
  <system-err><![CDATA[]]></system-err>
</testsuite>
