<?xml version="1.0" encoding="UTF-8"?>
<testsuite name="com.yl.junit5.testdemo.addition.additionTest" tests="2" skipped="0" failures="0" errors="0" timestamp="2022-08-13T12:26:07" hostname="DESKTOP-G1AHB4E" time="0.026">
  <properties/>
  <testcase name="integerAdd(int, int)[1]" classname="com.yl.junit5.testdemo.addition.additionTest" time="0.008"/>
  <testcase name="integerAdd(int, int)[2]" classname="com.yl.junit5.testdemo.addition.additionTest" time="0.005"/>
  <system-out><![CDATA[123123
3.0
11.0
]]></system-out>
  <system-err><![CDATA[]]></system-err>
</testsuite>
